"PSPath","PSParentPath","PSChildName","PSDrive","PSProvider","PSIsContainer","Mode","VersionInfo","BaseName","Target","LinkType","Name","Length","DirectoryName","Directory","IsReadOnly","Exists","FullName","Extension","CreationTime","CreationTimeUtc","LastAccessTime","LastAccessTimeUtc","LastWriteTime","LastWriteTimeUtc","Attributes"
"Microsoft.PowerShell.Core\FileSystem::C:\Users\champuser\SYS320-03\week2\list all files in working directory.ps1","Microsoft.PowerShell.Core\FileSystem::C:\Users\champuser\SYS320-03\week2","list all files in working directory.ps1","C","Microsoft.PowerShell.Core\FileSystem","False","-a----","File:             C:\Users\champuser\SYS320-03\week2\list all files in working directory.ps1
InternalName:     
OriginalFilename: 
FileVersion:      
FileDescription:  
Product:          
ProductVersion:   
Debug:            False
Patched:          False
PreRelease:       False
PrivateBuild:     False
SpecialBuild:     False
Language:         
","list all files in working directory","System.Collections.Generic.List`1[System.String]",,"list all files in working directory.ps1","216","C:\Users\champuser\SYS320-03\week2","C:\Users\champuser\SYS320-03\week2","False","True","C:\Users\champuser\SYS320-03\week2\list all files in working directory.ps1",".ps1","9/11/2024 11:39:20 PM","9/12/2024 3:39:20 AM","9/11/2024 11:39:50 PM","9/12/2024 3:39:50 AM","9/11/2024 11:39:50 PM","9/12/2024 3:39:50 AM","Archive"
"Microsoft.PowerShell.Core\FileSystem::C:\Users\champuser\SYS320-03\week2\ls working directory files.ps1","Microsoft.PowerShell.Core\FileSystem::C:\Users\champuser\SYS320-03\week2","ls working directory files.ps1","C","Microsoft.PowerShell.Core\FileSystem","False","-a----","File:             C:\Users\champuser\SYS320-03\week2\ls working directory files.ps1
InternalName:     
OriginalFilename: 
FileVersion:      
FileDescription:  
Product:          
ProductVersion:   
Debug:            False
Patched:          False
PreRelease:       False
PrivateBuild:     False
SpecialBuild:     False
Language:         
","ls working directory files","System.Collections.Generic.List`1[System.String]",,"ls working directory files.ps1","364","C:\Users\champuser\SYS320-03\week2","C:\Users\champuser\SYS320-03\week2","False","True","C:\Users\champuser\SYS320-03\week2\ls working directory files.ps1",".ps1","9/12/2024 12:09:05 AM","9/12/2024 4:09:05 AM","9/12/2024 12:09:05 AM","9/12/2024 4:09:05 AM","9/12/2024 12:09:05 AM","9/12/2024 4:09:05 AM","Archive"
"Microsoft.PowerShell.Core\FileSystem::C:\Users\champuser\SYS320-03\week2\outfolder creation.ps1","Microsoft.PowerShell.Core\FileSystem::C:\Users\champuser\SYS320-03\week2","outfolder creation.ps1","C","Microsoft.PowerShell.Core\FileSystem","False","-a----","File:             C:\Users\champuser\SYS320-03\week2\outfolder creation.ps1
InternalName:     
OriginalFilename: 
FileVersion:      
FileDescription:  
Product:          
ProductVersion:   
Debug:            False
Patched:          False
PreRelease:       False
PrivateBuild:     False
SpecialBuild:     False
Language:         
","outfolder creation","System.Collections.Generic.List`1[System.String]",,"outfolder creation.ps1","251","C:\Users\champuser\SYS320-03\week2","C:\Users\champuser\SYS320-03\week2","False","True","C:\Users\champuser\SYS320-03\week2\outfolder creation.ps1",".ps1","9/12/2024 12:05:45 AM","9/12/2024 4:05:45 AM","9/12/2024 12:05:46 AM","9/12/2024 4:05:46 AM","9/12/2024 12:05:46 AM","9/12/2024 4:05:46 AM","Archive"
